  Block.cpp
D:\Projects\2048\API2048\Block.h(36,64): warning C4244: '=': 'const int'에서 'float'(으)로 변환하면서 데이터가 손실될 수 있습니다.
D:\Projects\2048\API2048\Block.h(36,83): warning C4244: '=': 'const int'에서 'float'(으)로 변환하면서 데이터가 손실될 수 있습니다.
D:\Projects\2048\API2048\Block.cpp(33,49): warning C4244: '인수': 'float'에서 'int'(으)로 변환하면서 데이터가 손실될 수 있습니다.
D:\Projects\2048\API2048\Block.cpp(32,64): warning C4244: '인수': 'float'에서 'int'(으)로 변환하면서 데이터가 손실될 수 있습니다.
D:\Projects\2048\API2048\Block.cpp(57,30): warning C4244: '=': 'const LONG'에서 'float'(으)로 변환하면서 데이터가 손실될 수 있습니다.
D:\Projects\2048\API2048\Block.cpp(70,30): warning C4244: '=': 'const LONG'에서 'float'(으)로 변환하면서 데이터가 손실될 수 있습니다.
D:\Projects\2048\API2048\Block.cpp(83,30): warning C4244: '=': 'const LONG'에서 'float'(으)로 변환하면서 데이터가 손실될 수 있습니다.
D:\Projects\2048\API2048\Block.cpp(96,30): warning C4244: '=': 'const LONG'에서 'float'(으)로 변환하면서 데이터가 손실될 수 있습니다.
  Board.cpp
D:\Projects\2048\API2048\Block.h(36,64): warning C4244: '=': 'const int'에서 'float'(으)로 변환하면서 데이터가 손실될 수 있습니다.
D:\Projects\2048\API2048\Block.h(36,83): warning C4244: '=': 'const int'에서 'float'(으)로 변환하면서 데이터가 손실될 수 있습니다.
D:\Projects\2048\API2048\Rectangle.h(15,65): warning C4244: '=': 'const int'에서 'float'(으)로 변환하면서 데이터가 손실될 수 있습니다.
D:\Projects\2048\API2048\Rectangle.h(15,85): warning C4244: '=': 'const int'에서 'float'(으)로 변환하면서 데이터가 손실될 수 있습니다.
D:\Projects\2048\API2048\Board.cpp(12,44): warning C4244: '=': 'int'에서 'float'(으)로 변환하면서 데이터가 손실될 수 있습니다.
D:\Projects\2048\API2048\Board.cpp(13,44): warning C4244: '=': 'int'에서 'float'(으)로 변환하면서 데이터가 손실될 수 있습니다.
  CNewBlock.cpp
D:\Projects\2048\API2048\Block.h(36,64): warning C4244: '=': 'const int'에서 'float'(으)로 변환하면서 데이터가 손실될 수 있습니다.
D:\Projects\2048\API2048\Block.h(36,83): warning C4244: '=': 'const int'에서 'float'(으)로 변환하면서 데이터가 손실될 수 있습니다.
D:\Projects\2048\API2048\Rectangle.h(15,65): warning C4244: '=': 'const int'에서 'float'(으)로 변환하면서 데이터가 손실될 수 있습니다.
D:\Projects\2048\API2048\Rectangle.h(15,85): warning C4244: '=': 'const int'에서 'float'(으)로 변환하면서 데이터가 손실될 수 있습니다.
D:\Projects\2048\API2048\CNewBlock.cpp(45,50): warning C4244: '인수': 'float'에서 'int'(으)로 변환하면서 데이터가 손실될 수 있습니다.
D:\Projects\2048\API2048\CNewBlock.cpp(44,65): warning C4244: '인수': 'float'에서 'int'(으)로 변환하면서 데이터가 손실될 수 있습니다.
D:\Projects\2048\API2048\CNewBlock.cpp(59,100): warning C4244: '인수': '_Rep'에서 'float'(으)로 변환하면서 데이터가 손실될 수 있습니다.
          with
          [
              _Rep=double
          ]
  CNewBoard.cpp
D:\Projects\2048\API2048\Block.h(36,64): warning C4244: '=': 'const int'에서 'float'(으)로 변환하면서 데이터가 손실될 수 있습니다.
D:\Projects\2048\API2048\Block.h(36,83): warning C4244: '=': 'const int'에서 'float'(으)로 변환하면서 데이터가 손실될 수 있습니다.
D:\Projects\2048\API2048\Rectangle.h(15,65): warning C4244: '=': 'const int'에서 'float'(으)로 변환하면서 데이터가 손실될 수 있습니다.
D:\Projects\2048\API2048\Rectangle.h(15,85): warning C4244: '=': 'const int'에서 'float'(으)로 변환하면서 데이터가 손실될 수 있습니다.
D:\Projects\2048\API2048\CNewBoard.cpp(11,46): warning C4244: '=': 'int'에서 'float'(으)로 변환하면서 데이터가 손실될 수 있습니다.
D:\Projects\2048\API2048\CNewBoard.cpp(12,46): warning C4244: '=': 'int'에서 'float'(으)로 변환하면서 데이터가 손실될 수 있습니다.
D:\Projects\2048\API2048\CNewBoard.cpp(21,20): warning C4018: '<': signed 또는 unsigned가 일치하지 않습니다.
D:\Projects\2048\API2048\CNewBoard.cpp(25,20): warning C4018: '<': signed 또는 unsigned가 일치하지 않습니다.
D:\Projects\2048\API2048\CNewBoard.cpp(33,20): warning C4018: '<': signed 또는 unsigned가 일치하지 않습니다.
D:\Projects\2048\API2048\CNewBoard.cpp(38,20): warning C4018: '<': signed 또는 unsigned가 일치하지 않습니다.
D:\Projects\2048\API2048\CNewBoard.cpp(68,20): warning C4018: '<': signed 또는 unsigned가 일치하지 않습니다.
  GameManager.cpp
D:\Projects\2048\API2048\Block.h(36,64): warning C4244: '=': 'const int'에서 'float'(으)로 변환하면서 데이터가 손실될 수 있습니다.
D:\Projects\2048\API2048\Block.h(36,83): warning C4244: '=': 'const int'에서 'float'(으)로 변환하면서 데이터가 손실될 수 있습니다.
D:\Projects\2048\API2048\Rectangle.h(15,65): warning C4244: '=': 'const int'에서 'float'(으)로 변환하면서 데이터가 손실될 수 있습니다.
D:\Projects\2048\API2048\Rectangle.h(15,85): warning C4244: '=': 'const int'에서 'float'(으)로 변환하면서 데이터가 손실될 수 있습니다.
D:\Projects\2048\API2048\GameManager.cpp(6,12): warning C4244: '인수': 'time_t'에서 'unsigned int'(으)로 변환하면서 데이터가 손실될 수 있습니다.
  Mouse.cpp
D:\Projects\2048\API2048\Mouse.cpp(16,42): warning C4244: '인수': 'int'에서 'float'(으)로 변환하면서 데이터가 손실될 수 있습니다.
D:\Projects\2048\API2048\Mouse.cpp(16,31): warning C4244: '인수': 'int'에서 'float'(으)로 변환하면서 데이터가 손실될 수 있습니다.
D:\Projects\2048\API2048\Mouse.cpp(17,38): warning C4244: '인수': 'int'에서 'float'(으)로 변환하면서 데이터가 손실될 수 있습니다.
D:\Projects\2048\API2048\Mouse.cpp(17,29): warning C4244: '인수': 'int'에서 'float'(으)로 변환하면서 데이터가 손실될 수 있습니다.
  Rectangle.cpp
D:\Projects\2048\API2048\Block.h(36,64): warning C4244: '=': 'const int'에서 'float'(으)로 변환하면서 데이터가 손실될 수 있습니다.
D:\Projects\2048\API2048\Block.h(36,83): warning C4244: '=': 'const int'에서 'float'(으)로 변환하면서 데이터가 손실될 수 있습니다.
D:\Projects\2048\API2048\Rectangle.h(15,65): warning C4244: '=': 'const int'에서 'float'(으)로 변환하면서 데이터가 손실될 수 있습니다.
D:\Projects\2048\API2048\Rectangle.h(15,85): warning C4244: '=': 'const int'에서 'float'(으)로 변환하면서 데이터가 손실될 수 있습니다.
D:\Projects\2048\API2048\Rectangle.cpp(22,47): warning C4244: '인수': 'float'에서 'int'(으)로 변환하면서 데이터가 손실될 수 있습니다.
D:\Projects\2048\API2048\Rectangle.cpp(22,18): warning C4244: '인수': 'float'에서 'int'(으)로 변환하면서 데이터가 손실될 수 있습니다.
D:\Projects\2048\API2048\Rectangle.cpp(21,61): warning C4244: '인수': 'float'에서 'int'(으)로 변환하면서 데이터가 손실될 수 있습니다.
D:\Projects\2048\API2048\Rectangle.cpp(21,32): warning C4244: '인수': 'float'에서 'int'(으)로 변환하면서 데이터가 손실될 수 있습니다.
  Vector2.cpp
D:\Projects\2048\API2048\Vector2.cpp(27,10): warning C4244: '=': 'int'에서 'float'(으)로 변환하면서 데이터가 손실될 수 있습니다.
D:\Projects\2048\API2048\Vector2.cpp(28,10): warning C4244: '=': 'int'에서 'float'(으)로 변환하면서 데이터가 손실될 수 있습니다.
  소스.cpp
D:\Projects\2048\API2048\Block.h(36,64): warning C4244: '=': 'const int'에서 'float'(으)로 변환하면서 데이터가 손실될 수 있습니다.
D:\Projects\2048\API2048\Block.h(36,83): warning C4244: '=': 'const int'에서 'float'(으)로 변환하면서 데이터가 손실될 수 있습니다.
D:\Projects\2048\API2048\Rectangle.h(15,65): warning C4244: '=': 'const int'에서 'float'(으)로 변환하면서 데이터가 손실될 수 있습니다.
D:\Projects\2048\API2048\Rectangle.h(15,85): warning C4244: '=': 'const int'에서 'float'(으)로 변환하면서 데이터가 손실될 수 있습니다.
  코드를 생성하고 있습니다...
D:\Projects\2048\API2048\CNewBoard.cpp(260): warning C4715: 'CNewBoard::MakeBlock': 모든 제어 경로에서 값을 반환하지는 않습니다.
  API2048.vcxproj -> D:\Projects\2048\Debug\API2048.exe
